<?xml version="1.0" encoding="UTF-8"?>
<testsuite name="com.Testing.QueueTest" tests="1" skipped="0" failures="0" errors="0" timestamp="2020-10-30T14:37:35" hostname="DESKTOP-62HQPBS" time="0.005">
  <properties/>
  <testcase name="givenThreeNumbersWhenDequeueFromBeginingShouldEmptyTheDequeue" classname="com.Testing.QueueTest" time="0.005"/>
  <system-out><![CDATA[]]></system-out>
  <system-err><![CDATA[]]></system-err>
</testsuite>
