<?xml version="1.0" encoding="UTF-8"?>
<testsuite name="com.Testing.LinkedListTest" tests="1" skipped="0" failures="0" errors="0" timestamp="2020-10-30T06:16:18" hostname="DESKTOP-62HQPBS" time="0.005">
  <properties/>
  <testcase name="given4NumbersWhenInsertingInMiddleShouldPassTheLinkedList" classname="com.Testing.LinkedListTest" time="0.005"/>
  <system-out><![CDATA[MyNodes:56304070
]]></system-out>
  <system-err><![CDATA[]]></system-err>
</testsuite>
