<?xml version="1.0" encoding="UTF-8"?>
<testsuite name="com.Testing.QueueTest" tests="1" skipped="0" failures="0" errors="0" timestamp="2020-10-30T14:28:58" hostname="DESKTOP-62HQPBS" time="0.004">
  <properties/>
  <testcase name="givenThreeNumbersWhenAddedShouldAddedLast" classname="com.Testing.QueueTest" time="0.004"/>
  <system-out><![CDATA[]]></system-out>
  <system-err><![CDATA[]]></system-err>
</testsuite>
