<?xml version="1.0" encoding="UTF-8"?>
<testsuite name="com.Testing.LinkedListTest" tests="1" skipped="0" failures="0" errors="0" timestamp="2020-10-30T10:18:43" hostname="DESKTOP-62HQPBS" time="0.003">
  <properties/>
  <testcase name="given3NumbersDeletingLastElementShouldPassTheLinkedList" classname="com.Testing.LinkedListTest" time="0.003"/>
  <system-out><![CDATA[]]></system-out>
  <system-err><![CDATA[]]></system-err>
</testsuite>
