<?xml version="1.0" encoding="UTF-8"?>
<testsuite name="com.Testing.LinkedListTest" tests="1" skipped="0" failures="0" errors="0" timestamp="2020-10-30T02:07:10" hostname="DESKTOP-62HQPBS" time="0.007">
  <properties/>
  <testcase name="given3NumbersWhenAddedToLinkedListShouldBeaddAtLast" classname="com.Testing.LinkedListTest" time="0.007"/>
  <system-out><![CDATA[MyNodes:563070
]]></system-out>
  <system-err><![CDATA[]]></system-err>
</testsuite>
