<?xml version="1.0" encoding="UTF-8"?>
<testsuite name="com.Testing.LinkedListTest" tests="1" skipped="0" failures="0" errors="0" timestamp="2020-10-30T09:05:02" hostname="DESKTOP-62HQPBS" time="0.015">
  <properties/>
  <testcase name="given4NumbersWhenDeletingMiddleShuoldPassTheresult" classname="com.Testing.LinkedListTest" time="0.015"/>
  <system-out><![CDATA[size of linklist:3
MyNodes:56->30->70
]]></system-out>
  <system-err><![CDATA[]]></system-err>
</testsuite>
