<?xml version="1.0" encoding="UTF-8"?>
<testsuite name="stackTest" tests="1" skipped="0" failures="0" errors="0" timestamp="2020-10-30T11:40:05" hostname="DESKTOP-62HQPBS" time="0.007">
  <properties/>
  <testcase name="givenThreeNumberWhenAddedToStackshouldHaveLastAddedNode" classname="stackTest" time="0.007"/>
  <system-out><![CDATA[MyNodes:56->30->70
]]></system-out>
  <system-err><![CDATA[]]></system-err>
</testsuite>
