<?xml version="1.0" encoding="UTF-8"?>
<testsuite name="stackTest" tests="1" skipped="0" failures="0" errors="0" timestamp="2020-10-30T12:44:08" hostname="DESKTOP-62HQPBS" time="0.003">
  <properties/>
  <testcase name="givenThreeNumbersInStackWhenPopperOutshouldmatchwithLastAddedNode" classname="stackTest" time="0.003"/>
  <system-out><![CDATA[]]></system-out>
  <system-err><![CDATA[]]></system-err>
</testsuite>
