<?xml version="1.0" encoding="UTF-8"?>
<testsuite name="com.Testing.BinaryNodeTest" tests="3" skipped="0" failures="0" errors="0" timestamp="2020-11-02T05:38:09" hostname="DESKTOP-62HQPBS" time="0.006">
  <properties/>
  <testcase name="given13_NumbersWhenaddedToTheBinaryTree_ShouldReturnSize13" classname="com.Testing.BinaryNodeTest" time="0.003"/>
  <testcase name="given13_NumbersWhenSearchInTheBinaryTree_ShouldReturnTrue" classname="com.Testing.BinaryNodeTest" time="0.001"/>
  <testcase name="given3NumbersWhenAddedToBinaryTreeShouldReturnSizeThree" classname="com.Testing.BinaryNodeTest" time="0.001"/>
  <system-out><![CDATA[]]></system-out>
  <system-err><![CDATA[]]></system-err>
</testsuite>
