<?xml version="1.0" encoding="UTF-8"?>
<testsuite name="com.Testing.LinkedListTest" tests="10" skipped="0" failures="0" errors="0" timestamp="2020-11-01T10:52:51" hostname="DESKTOP-62HQPBS" time="0.045">
  <properties/>
  <testcase name="given3numbersWhenSearchingShouldPassTheLinkedList" classname="com.Testing.LinkedListTest" time="0.003"/>
  <testcase name="given3NumbersWhenLinkedShouldPassedLinkedListTest" classname="com.Testing.LinkedListTest" time="0.001"/>
  <testcase name="given4NumbersWhenInsertingInMiddleShouldPassTheLinkedList" classname="com.Testing.LinkedListTest" time="0.004"/>
  <testcase name="given3NumbersWhenAddedToLinkedListShouldBeAddAtTop" classname="com.Testing.LinkedListTest" time="0.001"/>
  <testcase name="given3NumberswhenDeletingFirstElementShouldPassTheLinkedList" classname="com.Testing.LinkedListTest" time="0.0"/>
  <testcase name="given3NumbersDeletingLastElementShouldPassTheLinkedList" classname="com.Testing.LinkedListTest" time="0.0"/>
  <testcase name="given4NumbersWhenDeletingMiddleShuoldPassTheresult" classname="com.Testing.LinkedListTest" time="0.008"/>
  <testcase name="givenFourNumbers_WhenAddedInLinkedList_ShouldAddedInAscendingOrder" classname="com.Testing.LinkedListTest" time="0.009"/>
  <testcase name="given3NumbersWhenAddedToLinkedListShouldBeaddAtLast" classname="com.Testing.LinkedListTest" time="0.001"/>
  <testcase name="given3NumbersWhenInsertingSecondInBetweenShouldPassLinkedListResult" classname="com.Testing.LinkedListTest" time="0.002"/>
  <system-out><![CDATA[MyNodes:56->30->40->70
MyNodes:56->30->70
MyNodes:30->70
MyNodes:56->30
size of linklist:3
MyNodes:56->30->70
Ascending order : 
MyNodes:56
Ascending order : 
MyNodes:30->56
Ascending order : 
MyNodes:30->40->56
Ascending order : 
MyNodes:30->40->56->70
MyNodes:56->30->70
MyNodes:56->30->70
MyNodes:56->30->70
]]></system-out>
  <system-err><![CDATA[]]></system-err>
</testsuite>
