<?xml version="1.0" encoding="UTF-8"?>
<testsuite name="com.Testing.LinkedListTest" tests="1" skipped="0" failures="0" errors="0" timestamp="2020-10-30T01:59:52" hostname="DESKTOP-62HQPBS" time="0.006">
  <properties/>
  <testcase name="given3NumbersWhenLinkedShouldPassedLinkedListTest" classname="com.Testing.LinkedListTest" time="0.006"/>
  <system-out><![CDATA[]]></system-out>
  <system-err><![CDATA[]]></system-err>
</testsuite>
