<?xml version="1.0" encoding="UTF-8"?>
<testsuite name="com.Testing.BinaryNodeTest" tests="1" skipped="0" failures="0" errors="0" timestamp="2020-11-01T14:24:22" hostname="DESKTOP-62HQPBS" time="0.002">
  <properties/>
  <testcase name="given6NumbersWhenaddedToTheBinaryTreeShouldReturnSize6" classname="com.Testing.BinaryNodeTest" time="0.002"/>
  <system-out><![CDATA[]]></system-out>
  <system-err><![CDATA[]]></system-err>
</testsuite>
